{"name":"poke-api","hostname":"lgdamien","pid":20038,"level":30,"msg":"Houston listening on port :  http://localhost:3456","time":"2023-06-01T07:34:05.621Z","v":0}
{"name":"poke-api","hostname":"lgdamien","pid":20038,"level":50,"err":{"message":"Invalid status code: {\n  token: 'eyJhbGciOiJIUzI1NiIsInR5cCI6IkpXVCJ9.eyJpZCI6MjUsInVzZXJuYW1lIjoiZGFtaWVuMTAiLCJlbWFpbCI6ImRhbWllbjEwQGdtYWlsLmNvbSIsImlwIjoiOjpmZmZmOjEyNy4wLjAuMSIsImlhdCI6MTY4NTYwNDg1NCwiZXhwIjoxNjg1NjA4NDU0fQ.7wEMOc3xiOFK4yK1z_lyy1ocLgPMscFnXIDP043cv20'\n}","name":"ApiError","stack":"ApiError: Invalid status code: {\n  token: 'eyJhbGciOiJIUzI1NiIsInR5cCI6IkpXVCJ9.eyJpZCI6MjUsInVzZXJuYW1lIjoiZGFtaWVuMTAiLCJlbWFpbCI6ImRhbWllbjEwQGdtYWlsLmNvbSIsImlwIjoiOjpmZmZmOjEyNy4wLjAuMSIsImlhdCI6MTY4NTYwNDg1NCwiZXhwIjoxNjg1NjA4NDU0fQ.7wEMOc3xiOFK4yK1z_lyy1ocLgPMscFnXIDP043cv20'\n}\n    at login (/home/damien/Documents/oclock/apotheose/production/app/controllers/api/user.js:52:13)\n    at async /home/damien/Documents/oclock/apotheose/production/app/helpers/controllerHandler.js:11:5"},"msg":"Invalid status code: {\n  token: 'eyJhbGciOiJIUzI1NiIsInR5cCI6IkpXVCJ9.eyJpZCI6MjUsInVzZXJuYW1lIjoiZGFtaWVuMTAiLCJlbWFpbCI6ImRhbWllbjEwQGdtYWlsLmNvbSIsImlwIjoiOjpmZmZmOjEyNy4wLjAuMSIsImlhdCI6MTY4NTYwNDg1NCwiZXhwIjoxNjg1NjA4NDU0fQ.7wEMOc3xiOFK4yK1z_lyy1ocLgPMscFnXIDP043cv20'\n}","time":"2023-06-01T07:34:14.188Z","v":0}
{"name":"poke-api","hostname":"lgdamien","pid":20406,"level":30,"msg":"Houston listening on port :  http://localhost:3456","time":"2023-06-01T07:35:15.326Z","v":0}
{"name":"poke-api","hostname":"lgdamien","pid":20406,"level":50,"err":{"message":"Invalid status code: {\n  token: 'eyJhbGciOiJIUzI1NiIsInR5cCI6IkpXVCJ9.eyJpZCI6MjUsInVzZXJuYW1lIjoiZGFtaWVuMTAiLCJlbWFpbCI6ImRhbWllbjEwQGdtYWlsLmNvbSIsImlwIjoiOjpmZmZmOjEyNy4wLjAuMSIsImlhdCI6MTY4NTYwNDk1MywiZXhwIjoxNjg1NjA4NTUzfQ.tCKB8VJ1dM2qLV0aggyC823Q9tNGOlSD3RUf3xfPSds'\n}","name":"ApiError","stack":"ApiError: Invalid status code: {\n  token: 'eyJhbGciOiJIUzI1NiIsInR5cCI6IkpXVCJ9.eyJpZCI6MjUsInVzZXJuYW1lIjoiZGFtaWVuMTAiLCJlbWFpbCI6ImRhbWllbjEwQGdtYWlsLmNvbSIsImlwIjoiOjpmZmZmOjEyNy4wLjAuMSIsImlhdCI6MTY4NTYwNDk1MywiZXhwIjoxNjg1NjA4NTUzfQ.tCKB8VJ1dM2qLV0aggyC823Q9tNGOlSD3RUf3xfPSds'\n}\n    at login (/home/damien/Documents/oclock/apotheose/production/app/controllers/api/user.js:52:13)\n    at async /home/damien/Documents/oclock/apotheose/production/app/helpers/controllerHandler.js:11:5"},"msg":"Invalid status code: {\n  token: 'eyJhbGciOiJIUzI1NiIsInR5cCI6IkpXVCJ9.eyJpZCI6MjUsInVzZXJuYW1lIjoiZGFtaWVuMTAiLCJlbWFpbCI6ImRhbWllbjEwQGdtYWlsLmNvbSIsImlwIjoiOjpmZmZmOjEyNy4wLjAuMSIsImlhdCI6MTY4NTYwNDk1MywiZXhwIjoxNjg1NjA4NTUzfQ.tCKB8VJ1dM2qLV0aggyC823Q9tNGOlSD3RUf3xfPSds'\n}","time":"2023-06-01T07:35:53.765Z","v":0}
{"name":"poke-api","hostname":"lgdamien","pid":20631,"level":30,"msg":"Houston listening on port :  http://localhost:3456","time":"2023-06-01T07:36:41.594Z","v":0}
{"name":"poke-api","hostname":"lgdamien","pid":20887,"level":30,"msg":"Houston listening on port :  http://localhost:3456","time":"2023-06-01T07:37:41.531Z","v":0}
{"name":"poke-api","hostname":"lgdamien","pid":21077,"level":30,"msg":"Houston listening on port :  http://localhost:3456","time":"2023-06-01T07:38:40.066Z","v":0}
{"name":"poke-api","hostname":"lgdamien","pid":21186,"level":30,"msg":"Houston listening on port :  http://localhost:3456","time":"2023-06-01T07:38:51.972Z","v":0}
{"name":"poke-api","hostname":"lgdamien","pid":21186,"level":50,"err":{"message":"Invalid status code: damien10","name":"ApiError","stack":"ApiError: Invalid status code: damien10\n    at login (/home/damien/Documents/oclock/apotheose/production/app/controllers/api/user.js:52:13)\n    at async /home/damien/Documents/oclock/apotheose/production/app/helpers/controllerHandler.js:11:5"},"msg":"Invalid status code: damien10","time":"2023-06-01T07:38:54.712Z","v":0}
{"name":"poke-api","hostname":"lgdamien","pid":21364,"level":30,"msg":"Houston listening on port :  http://localhost:3456","time":"2023-06-01T07:40:32.495Z","v":0}
{"name":"poke-api","hostname":"lgdamien","pid":21809,"level":30,"msg":"Houston listening on port :  http://localhost:3456","time":"2023-06-01T07:42:03.621Z","v":0}
{"name":"poke-api","hostname":"lgdamien","pid":33666,"level":30,"msg":"Houston listening on port :  http://localhost:3456","time":"2023-06-01T07:46:42.203Z","v":0}
{"name":"poke-api","hostname":"lgdamien","pid":34701,"level":30,"msg":"Houston listening on port :  http://localhost:3456","time":"2023-06-01T07:49:33.426Z","v":0}
{"name":"poke-api","hostname":"lgdamien","pid":36539,"level":30,"msg":"Houston listening on port :  http://localhost:3456","time":"2023-06-01T07:58:06.361Z","v":0}
{"name":"poke-api","hostname":"lgdamien","pid":37368,"level":30,"msg":"Houston listening on port :  http://localhost:3456","time":"2023-06-01T08:06:46.374Z","v":0}
{"name":"poke-api","hostname":"lgdamien","pid":37472,"level":30,"msg":"Houston listening on port :  http://localhost:3456","time":"2023-06-01T08:07:28.110Z","v":0}
{"name":"poke-api","hostname":"lgdamien","pid":37554,"level":30,"msg":"Houston listening on port :  http://localhost:3456","time":"2023-06-01T08:07:58.570Z","v":0}
{"name":"poke-api","hostname":"lgdamien","pid":38476,"level":30,"msg":"Houston listening on port :  http://localhost:3456","time":"2023-06-01T08:17:10.690Z","v":0}
{"name":"poke-api","hostname":"lgdamien","pid":39451,"level":30,"msg":"Houston listening on port :  http://localhost:3456","time":"2023-06-01T08:28:02.697Z","v":0}
{"name":"poke-api","hostname":"lgdamien","pid":39575,"level":30,"msg":"Houston listening on port :  http://localhost:3456","time":"2023-06-01T08:28:27.702Z","v":0}
{"name":"poke-api","hostname":"lgdamien","pid":39996,"level":30,"msg":"Houston listening on port :  http://localhost:3456","time":"2023-06-01T08:32:03.875Z","v":0}
{"name":"poke-api","hostname":"lgdamien","pid":40115,"level":30,"msg":"Houston listening on port :  http://localhost:3456","time":"2023-06-01T08:32:31.163Z","v":0}
{"name":"poke-api","hostname":"lgdamien","pid":40302,"level":30,"msg":"Houston listening on port :  http://localhost:3456","time":"2023-06-01T08:34:07.455Z","v":0}
{"name":"poke-api","hostname":"lgdamien","pid":40535,"level":30,"msg":"Houston listening on port :  http://localhost:3456","time":"2023-06-01T08:35:40.295Z","v":0}
{"name":"poke-api","hostname":"lgdamien","pid":40634,"level":30,"msg":"Houston listening on port :  http://localhost:3456","time":"2023-06-01T08:35:57.058Z","v":0}
{"name":"poke-api","hostname":"lgdamien","pid":40830,"level":30,"msg":"Houston listening on port :  http://localhost:3456","time":"2023-06-01T08:38:04.163Z","v":0}
{"name":"poke-api","hostname":"lgdamien","pid":41027,"level":30,"msg":"Houston listening on port :  http://localhost:3456","time":"2023-06-01T08:39:44.324Z","v":0}
{"name":"poke-api","hostname":"lgdamien","pid":41110,"level":30,"msg":"Houston listening on port :  http://localhost:3456","time":"2023-06-01T08:39:52.248Z","v":0}
{"name":"poke-api","hostname":"lgdamien","pid":41135,"level":30,"msg":"Houston listening on port :  http://localhost:3456","time":"2023-06-01T08:39:55.184Z","v":0}
{"name":"poke-api","hostname":"lgdamien","pid":41241,"level":30,"msg":"Houston listening on port :  http://localhost:3456","time":"2023-06-01T08:40:44.898Z","v":0}
{"name":"poke-api","hostname":"lgdamien","pid":41322,"level":30,"msg":"Houston listening on port :  http://localhost:3456","time":"2023-06-01T08:40:53.851Z","v":0}
{"name":"poke-api","hostname":"lgdamien","pid":41375,"level":30,"msg":"Houston listening on port :  http://localhost:3456","time":"2023-06-01T08:40:59.307Z","v":0}
{"name":"poke-api","hostname":"lgdamien","pid":41428,"level":30,"msg":"Houston listening on port :  http://localhost:3456","time":"2023-06-01T08:41:07.806Z","v":0}
{"name":"poke-api","hostname":"lgdamien","pid":41650,"level":30,"msg":"Houston listening on port :  http://localhost:3456","time":"2023-06-01T08:43:30.789Z","v":0}
{"name":"poke-api","hostname":"lgdamien","pid":41823,"level":30,"msg":"Houston listening on port :  http://localhost:3456","time":"2023-06-01T08:45:01.896Z","v":0}
{"name":"poke-api","hostname":"lgdamien","pid":42025,"level":30,"msg":"Houston listening on port :  http://localhost:3456","time":"2023-06-01T08:47:08.501Z","v":0}
{"name":"poke-api","hostname":"lgdamien","pid":42152,"level":30,"msg":"Houston listening on port :  http://localhost:3456","time":"2023-06-01T08:47:58.684Z","v":0}
{"name":"poke-api","hostname":"lgdamien","pid":42334,"level":30,"msg":"Houston listening on port :  http://localhost:3456","time":"2023-06-01T08:48:52.525Z","v":0}
{"name":"poke-api","hostname":"lgdamien","pid":42553,"level":30,"msg":"Houston listening on port :  http://localhost:3456","time":"2023-06-01T08:49:32.168Z","v":0}
{"name":"poke-api","hostname":"lgdamien","pid":42680,"level":30,"msg":"Houston listening on port :  http://localhost:3456","time":"2023-06-01T08:50:34.953Z","v":0}
{"name":"poke-api","hostname":"lgdamien","pid":42788,"level":30,"msg":"Houston listening on port :  http://localhost:3456","time":"2023-06-01T08:50:52.589Z","v":0}
{"name":"poke-api","hostname":"lgdamien","pid":42873,"level":30,"msg":"Houston listening on port :  http://localhost:3456","time":"2023-06-01T08:51:02.142Z","v":0}
{"name":"poke-api","hostname":"lgdamien","pid":42873,"level":50,"err":{"message":"findDamage is not a function","name":"ApiError","stack":"ApiError: findDamage is not a function\n    at getNoDamageFrom (/home/damien/Documents/oclock/apotheose/production/app/controllers/api/pokemon/damage.js:46:13)\n    at /home/damien/Documents/oclock/apotheose/production/app/helpers/controllerHandler.js:11:11\n    at Layer.handle [as handle_request] (/home/damien/Documents/oclock/apotheose/production/node_modules/express/lib/router/layer.js:95:5)\n    at next (/home/damien/Documents/oclock/apotheose/production/node_modules/express/lib/router/route.js:144:13)\n    at Route.dispatch (/home/damien/Documents/oclock/apotheose/production/node_modules/express/lib/router/route.js:114:3)\n    at Layer.handle [as handle_request] (/home/damien/Documents/oclock/apotheose/production/node_modules/express/lib/router/layer.js:95:5)\n    at /home/damien/Documents/oclock/apotheose/production/node_modules/express/lib/router/index.js:284:15\n    at param (/home/damien/Documents/oclock/apotheose/production/node_modules/express/lib/router/index.js:365:14)\n    at param (/home/damien/Documents/oclock/apotheose/production/node_modules/express/lib/router/index.js:376:14)\n    at Function.process_params (/home/damien/Documents/oclock/apotheose/production/node_modules/express/lib/router/index.js:421:3)"},"msg":"findDamage is not a function","time":"2023-06-01T08:51:15.059Z","v":0}
{"name":"poke-api","hostname":"lgdamien","pid":43029,"level":30,"msg":"Houston listening on port :  http://localhost:3456","time":"2023-06-01T08:51:33.419Z","v":0}
{"name":"poke-api","hostname":"lgdamien","pid":43109,"level":30,"msg":"Houston listening on port :  http://localhost:3456","time":"2023-06-01T08:51:42.515Z","v":0}
{"name":"poke-api","hostname":"lgdamien","pid":43330,"level":30,"msg":"Houston listening on port :  http://localhost:3456","time":"2023-06-01T08:52:33.820Z","v":0}
{"name":"poke-api","hostname":"lgdamien","pid":43437,"level":30,"msg":"Houston listening on port :  http://localhost:3456","time":"2023-06-01T08:53:10.333Z","v":0}
{"name":"poke-api","hostname":"lgdamien","pid":43598,"level":30,"msg":"Houston listening on port :  http://localhost:3456","time":"2023-06-01T08:54:00.907Z","v":0}
{"name":"poke-api","hostname":"lgdamien","pid":43742,"level":30,"msg":"Houston listening on port :  http://localhost:3456","time":"2023-06-01T08:54:46.173Z","v":0}
{"name":"poke-api","hostname":"lgdamien","pid":43951,"level":30,"msg":"Houston listening on port :  http://localhost:3456","time":"2023-06-01T08:56:19.931Z","v":0}
{"name":"poke-api","hostname":"lgdamien","pid":44043,"level":30,"msg":"Houston listening on port :  http://localhost:3456","time":"2023-06-01T08:56:36.395Z","v":0}
{"name":"poke-api","hostname":"lgdamien","pid":44139,"level":30,"msg":"Houston listening on port :  http://localhost:3456","time":"2023-06-01T08:56:57.210Z","v":0}
{"name":"poke-api","hostname":"lgdamien","pid":44463,"level":30,"msg":"Houston listening on port :  http://localhost:3456","time":"2023-06-01T08:58:19.932Z","v":0}
